localhost:8001 - - [17/Apr/2023:21:10:19 +0000] GET / HTTP/1.1 / HTTP/1.1" 200 1360 "-" "Mozilla/5.0 (X11; Linux x86_64; rv:102.0) Gecko/20100101 Firefox/102.0"
localhost:8001 - - [17/Apr/2023:21:10:19 +0000] GET /tools/Le-chickenosaurus-le-poulet-dinosaure.jpg HTTP/1.1 /tools/Le-chickenosaurus-le-poulet-dinosaure.jpg HTTP/1.1" 200 60298 "-" "Mozilla/5.0 (X11; Linux x86_64; rv:102.0) Gecko/20100101 Firefox/102.0"
localhost:8001 - - [17/Apr/2023:21:10:24 +0000] GET /upload.html HTTP/1.1 /upload.html HTTP/1.1" 200 3205 "-" "Mozilla/5.0 (X11; Linux x86_64; rv:102.0) Gecko/20100101 Firefox/102.0"
localhost:8001 - - [17/Apr/2023:21:10:26 +0000] GET /aboutus.html HTTP/1.1 /aboutus.html HTTP/1.1" 200 2092 "-" "Mozilla/5.0 (X11; Linux x86_64; rv:102.0) Gecko/20100101 Firefox/102.0"
localhost:8001 - - [17/Apr/2023:21:10:26 +0000] GET /tools/Alexis.jpg HTTP/1.1 /tools/Alexis.jpg HTTP/1.1" 200 30389 "-" "Mozilla/5.0 (X11; Linux x86_64; rv:102.0) Gecko/20100101 Firefox/102.0"
localhost:8001 - - [17/Apr/2023:21:10:26 +0000] GET /tools/Phap.avif HTTP/1.1 /tools/Phap.avif HTTP/1.1" 200 76147 "-" "Mozilla/5.0 (X11; Linux x86_64; rv:102.0) Gecko/20100101 Firefox/102.0"
localhost:8001 - - [17/Apr/2023:21:10:27 +0000] GET /upload.html HTTP/1.1 /upload.html HTTP/1.1" 200 3205 "-" "Mozilla/5.0 (X11; Linux x86_64; rv:102.0) Gecko/20100101 Firefox/102.0"
localhost:8001 - - [17/Apr/2023:21:15:57 +0000] GET /delete.php HTTP/1.1 /delete.php HTTP/1.1" 200 4618 "-" "Mozilla/5.0 (X11; Linux x86_64; rv:102.0) Gecko/20100101 Firefox/102.0"
localhost:8001 - - [17/Apr/2023:21:16:00 +0000] GET /upload.html HTTP/1.1 /upload.html HTTP/1.1" 200 3205 "-" "Mozilla/5.0 (X11; Linux x86_64; rv:102.0) Gecko/20100101 Firefox/102.0"
localhost:8001 - - [17/Apr/2023:21:16:00 +0000] GET /delete.php HTTP/1.1 /delete.php HTTP/1.1" 200 4618 "-" "Mozilla/5.0 (X11; Linux x86_64; rv:102.0) Gecko/20100101 Firefox/102.0"
localhost:8001 - - [17/Apr/2023:21:16:05 +0000] GET /upload.html HTTP/1.1 /upload.html HTTP/1.1" 200 3205 "-" "Mozilla/5.0 (X11; Linux x86_64; rv:102.0) Gecko/20100101 Firefox/102.0"
localhost:8001 - - [17/Apr/2023:21:16:06 +0000] GET /delete.php HTTP/1.1 /delete.php HTTP/1.1" 200 4618 "-" "Mozilla/5.0 (X11; Linux x86_64; rv:102.0) Gecko/20100101 Firefox/102.0"
localhost:8001 - - [17/Apr/2023:21:16:08 +0000] GET /upload.html HTTP/1.1 /upload.html HTTP/1.1" 200 3205 "-" "Mozilla/5.0 (X11; Linux x86_64; rv:102.0) Gecko/20100101 Firefox/102.0"
localhost:8001 - - [17/Apr/2023:21:16:14 +0000] POST /upload.php HTTP/1.1 /upload.php HTTP/1.1" 201 385 "-" "Mozilla/5.0 (X11; Linux x86_64; rv:102.0) Gecko/20100101 Firefox/102.0"
localhost:8001 - - [17/Apr/2023:21:16:17 +0000] GET /delete.php HTTP/1.1 /delete.php HTTP/1.1" 200 4982 "-" "Mozilla/5.0 (X11; Linux x86_64; rv:102.0) Gecko/20100101 Firefox/102.0"
localhost:8001 - - [17/Apr/2023:21:16:18 +0000] DELETE 201 385 "-" "Mozilla/5.0 (X11; Linux x86_64; rv:102.0) Gecko/20100101 Firefox/102.0"
localhost:8001 - - [17/Apr/2023:21:16:21 +0000] GET /delete.php HTTP/1.1 /delete.php HTTP/1.1" 200 4618 "-" "Mozilla/5.0 (X11; Linux x86_64; rv:102.0) Gecko/20100101 Firefox/102.0"
localhost:8001 - - [17/Apr/2023:21:16:22 +0000] GET /upload.html HTTP/1.1 /upload.html HTTP/1.1" 200 3205 "-" "Mozilla/5.0 (X11; Linux x86_64; rv:102.0) Gecko/20100101 Firefox/102.0"
localhost:8001 - - [17/Apr/2023:21:18:17 +0000] GET /index.html HTTP/1.1 /index.html HTTP/1.1" 200 1327 "-" "Mozilla/5.0 (X11; Linux x86_64; rv:102.0) Gecko/20100101 Firefox/102.0"
localhost:8001 - - [17/Apr/2023:21:18:17 +0000] GET /tools/Le-chickenosaurus-le-poulet-dinosaure.jpg HTTP/1.1 /tools/Le-chickenosaurus-le-poulet-dinosaure.jpg HTTP/1.1" 200 60298 "-" "Mozilla/5.0 (X11; Linux x86_64; rv:102.0) Gecko/20100101 Firefox/102.0"
localhost:8001 - - [17/Apr/2023:21:18:18 +0000] GET /upload.html HTTP/1.1 /upload.html HTTP/1.1" 200 3171 "-" "Mozilla/5.0 (X11; Linux x86_64; rv:102.0) Gecko/20100101 Firefox/102.0"
localhost:8001 - - [17/Apr/2023:21:18:20 +0000] GET /delete.php HTTP/1.1 /delete.php HTTP/1.1" 200 4560 "-" "Mozilla/5.0 (X11; Linux x86_64; rv:102.0) Gecko/20100101 Firefox/102.0"
localhost:8001 - - [17/Apr/2023:21:18:21 +0000] GET /aboutus.html HTTP/1.1 /aboutus.html HTTP/1.1" 200 2058 "-" "Mozilla/5.0 (X11; Linux x86_64; rv:102.0) Gecko/20100101 Firefox/102.0"
localhost:8001 - - [17/Apr/2023:21:18:21 +0000] GET /tools/Alexis.jpg HTTP/1.1 /tools/Alexis.jpg HTTP/1.1" 200 30389 "-" "Mozilla/5.0 (X11; Linux x86_64; rv:102.0) Gecko/20100101 Firefox/102.0"
localhost:8001 - - [17/Apr/2023:21:18:21 +0000] GET /tools/Phap.avif HTTP/1.1 /tools/Phap.avif HTTP/1.1" 200 76147 "-" "Mozilla/5.0 (X11; Linux x86_64; rv:102.0) Gecko/20100101 Firefox/102.0"
localhost:8001 - - [17/Apr/2023:21:18:22 +0000] GET /upload.html HTTP/1.1 /upload.html HTTP/1.1" 200 3171 "-" "Mozilla/5.0 (X11; Linux x86_64; rv:102.0) Gecko/20100101 Firefox/102.0"
localhost:8001 - - [17/Apr/2023:21:25:34 +0000] GET /delete.php HTTP/1.1 /delete.php HTTP/1.1" 200 4560 "-" "Mozilla/5.0 (X11; Linux x86_64; rv:102.0) Gecko/20100101 Firefox/102.0"
localhost:8001 - - [17/Apr/2023:21:25:35 +0000] GET /upload.html HTTP/1.1 /upload.html HTTP/1.1" 200 3171 "-" "Mozilla/5.0 (X11; Linux x86_64; rv:102.0) Gecko/20100101 Firefox/102.0"
localhost:8001 - - [17/Apr/2023:21:25:36 +0000] GET /upload.html HTTP/1.1 /upload.html HTTP/1.1" 200 3171 "-" "Mozilla/5.0 (X11; Linux x86_64; rv:102.0) Gecko/20100101 Firefox/102.0"
localhost:8001 - - [17/Apr/2023:21:25:42 +0000] POST /upload.php HTTP/1.1 /upload.php HTTP/1.1" 201 385 "-" "Mozilla/5.0 (X11; Linux x86_64; rv:102.0) Gecko/20100101 Firefox/102.0"
localhost:8001 - - [17/Apr/2023:21:26:58 +0000] POST /upload.php HTTP/1.1 /upload.php HTTP/1.1" 201 385 "-" "Mozilla/5.0 (X11; Linux x86_64; rv:102.0) Gecko/20100101 Firefox/102.0"
localhost:8001 - - [17/Apr/2023:21:27:02 +0000] POST /upload.php HTTP/1.1 /upload.php HTTP/1.1" 201 385 "-" "Mozilla/5.0 (X11; Linux x86_64; rv:102.0) Gecko/20100101 Firefox/102.0"
localhost:8001 - - [17/Apr/2023:21:27:06 +0000] POST /upload.php HTTP/1.1 /upload.php HTTP/1.1" 201 385 "-" "Mozilla/5.0 (X11; Linux x86_64; rv:102.0) Gecko/20100101 Firefox/102.0"
localhost:8001 - - [17/Apr/2023:21:27:07 +0000] GET /delete.php HTTP/1.1 /delete.php HTTP/1.1" 200 6506 "-" "Mozilla/5.0 (X11; Linux x86_64; rv:102.0) Gecko/20100101 Firefox/102.0"
localhost:8001 - - [17/Apr/2023:21:27:09 +0000] REDIRECT 201 1571 "-" "Mozilla/5.0 (X11; Linux x86_64; rv:102.0) Gecko/20100101 Firefox/102.0"
localhost:8001 - - [17/Apr/2023:21:27:12 +0000] GET /upload/localhost:8001_localhost:8001_matt_devir--one_minute_drive.mp4 HTTP/1.1 /upload/localhost:8001_localhost:8001_matt_devir--one_minute_drive.mp4 HTTP/1.1" 200 18398773 "-" "Mozilla/5.0 (X11; Linux x86_64; rv:102.0) Gecko/20100101 Firefox/102.0"
localhost:8001 - - [17/Apr/2023:21:27:21 +0000] REDIRECT 201 1277 "-" "Mozilla/5.0 (X11; Linux x86_64; rv:102.0) Gecko/20100101 Firefox/102.0"
localhost:8001 - - [17/Apr/2023:21:27:25 +0000] REDIRECT 201 1397 "-" "Mozilla/5.0 (X11; Linux x86_64; rv:102.0) Gecko/20100101 Firefox/102.0"
localhost:8001 - - [17/Apr/2023:21:27:25 +0000] GET /upload/localhost:8001_localhost:8001_template2.png HTTP/1.1 /upload/localhost:8001_localhost:8001_template2.png HTTP/1.1" 200 621586 "-" "Mozilla/5.0 (X11; Linux x86_64; rv:102.0) Gecko/20100101 Firefox/102.0"
localhost:8001 - - [17/Apr/2023:21:27:28 +0000] REDIRECT 201 1373 "-" "Mozilla/5.0 (X11; Linux x86_64; rv:102.0) Gecko/20100101 Firefox/102.0"
localhost:8001 - - [17/Apr/2023:21:27:28 +0000] GET /upload/localhost:8001_image-attractive.jpg HTTP/1.1 /upload/localhost:8001_image-attractive.jpg HTTP/1.1" 200 192339 "-" "Mozilla/5.0 (X11; Linux x86_64; rv:102.0) Gecko/20100101 Firefox/102.0"
