dinopoulet.42.fr:8000 - - [10/Apr/2023:19:45:56 +0000] GET /tools/Je%20suis%20un%20gar%C3%A7on.mp4 HTTP/1.1 /tools/Je%20suis%20un%20gar%C3%A7on.mp4 HTTP/1.1" 404 1127 "-" "Mozilla/5.0 (X11; Linux x86_64; rv:102.0) Gecko/20100101 Firefox/102.0"
dinopoulet.42.fr:8000 - - [10/Apr/2023:19:45:57 +0000] GET /tools/Je%20suis%20un%20gar%C3%A7on.mp4 HTTP/1.1 /tools/Je%20suis%20un%20gar%C3%A7on.mp4 HTTP/1.1" 404 1127 "-" "Mozilla/5.0 (X11; Linux x86_64; rv:102.0) Gecko/20100101 Firefox/102.0"
dinopoulet.42.fr:8000 - - [10/Apr/2023:19:45:57 +0000] GET /tools/Je%20suis%20un%20gar%C3%A7on.mp4 HTTP/1.1 /tools/Je%20suis%20un%20gar%C3%A7on.mp4 HTTP/1.1" 404 1127 "-" "Mozilla/5.0 (X11; Linux x86_64; rv:102.0) Gecko/20100101 Firefox/102.0"
dinopoulet.42.fr:8000 - - [10/Apr/2023:19:45:57 +0000] GET /tools/Je%20suis%20un%20gar%C3%A7on.mp4 HTTP/1.1 /tools/Je%20suis%20un%20gar%C3%A7on.mp4 HTTP/1.1" 404 1127 "-" "Mozilla/5.0 (X11; Linux x86_64; rv:102.0) Gecko/20100101 Firefox/102.0"
dinopoulet.42.fr:8000 - - [10/Apr/2023:19:45:57 +0000] GET /tools/Je%20suis%20un%20gar%C3%A7on.mp4 HTTP/1.1 /tools/Je%20suis%20un%20gar%C3%A7on.mp4 HTTP/1.1" 404 1127 "-" "Mozilla/5.0 (X11; Linux x86_64; rv:102.0) Gecko/20100101 Firefox/102.0"
dinopoulet.42.fr:8000 - - [10/Apr/2023:19:45:58 +0000] GET /tools/Je%20suis%20un%20gar%C3%A7on.mp4 HTTP/1.1 /tools/Je%20suis%20un%20gar%C3%A7on.mp4 HTTP/1.1" 404 1127 "-" "Mozilla/5.0 (X11; Linux x86_64; rv:102.0) Gecko/20100101 Firefox/102.0"
dinopoulet.42.fr:8000 - - [10/Apr/2023:19:45:58 +0000] GET /tools/Je%20suis%20un%20gar%C3%A7on.mp4 HTTP/1.1 /tools/Je%20suis%20un%20gar%C3%A7on.mp4 HTTP/1.1" 404 1127 "-" "Mozilla/5.0 (X11; Linux x86_64; rv:102.0) Gecko/20100101 Firefox/102.0"
dinopoulet.42.fr:8000 - - [10/Apr/2023:19:45:58 +0000] GET /tools/Je%20suis%20un%20gar%C3%A7on.mp4 HTTP/1.1 /tools/Je%20suis%20un%20gar%C3%A7on.mp4 HTTP/1.1" 404 1127 "-" "Mozilla/5.0 (X11; Linux x86_64; rv:102.0) Gecko/20100101 Firefox/102.0"
dinopoulet.42.fr:8000 - - [10/Apr/2023:19:45:58 +0000] GET /tools/Je%20suis%20un%20gar%C3%A7on.mp4 HTTP/1.1 /tools/Je%20suis%20un%20gar%C3%A7on.mp4 HTTP/1.1" 404 1127 "-" "Mozilla/5.0 (X11; Linux x86_64; rv:102.0) Gecko/20100101 Firefox/102.0"
dinopoulet.42.fr:8000 - - [10/Apr/2023:19:45:59 +0000] GET /tools/Je%20suis%20un%20gar%C3%A7on.mp4 HTTP/1.1 /tools/Je%20suis%20un%20gar%C3%A7on.mp4 HTTP/1.1" 404 1127 "-" "Mozilla/5.0 (X11; Linux x86_64; rv:102.0) Gecko/20100101 Firefox/102.0"
dinopoulet.42.fr:8000 - - [10/Apr/2023:19:45:59 +0000] GET /tools/Je%20suis%20un%20gar%C3%A7on.mp4 HTTP/1.1 /tools/Je%20suis%20un%20gar%C3%A7on.mp4 HTTP/1.1" 404 1127 "-" "Mozilla/5.0 (X11; Linux x86_64; rv:102.0) Gecko/20100101 Firefox/102.0"
dinopoulet.42.fr:8000 - - [10/Apr/2023:19:45:59 +0000] GET /tools/Je%20suis%20un%20gar%C3%A7on.mp4 HTTP/1.1 /tools/Je%20suis%20un%20gar%C3%A7on.mp4 HTTP/1.1" 404 1127 "-" "Mozilla/5.0 (X11; Linux x86_64; rv:102.0) Gecko/20100101 Firefox/102.0"
dinopoulet.42.fr:8000 - - [10/Apr/2023:19:45:59 +0000] GET /tools/Je%20suis%20un%20gar%C3%A7on.mp4 HTTP/1.1 /tools/Je%20suis%20un%20gar%C3%A7on.mp4 HTTP/1.1" 404 1127 "-" "Mozilla/5.0 (X11; Linux x86_64; rv:102.0) Gecko/20100101 Firefox/102.0"
localhost:8000 - - [10/Apr/2023:19:49:01 +0000] GET /tools/Je%20suis%20un%20gar%C3%A7on.mp4 HTTP/1.1 /tools/Je%20suis%20un%20gar%C3%A7on.mp4 HTTP/1.1" 404 1127 "-" "Mozilla/5.0 (X11; Linux x86_64; rv:102.0) Gecko/20100101 Firefox/102.0"
localhost:8000 - - [10/Apr/2023:19:49:04 +0000] GET /tools/Je%20suis%20un%20gar%C3%A7on.mp4 HTTP/1.1 /tools/Je%20suis%20un%20gar%C3%A7on.mp4 HTTP/1.1" 404 1127 "-" "Mozilla/5.0 (X11; Linux x86_64; rv:102.0) Gecko/20100101 Firefox/102.0"
localhost:8000 - - [10/Apr/2023:19:49:05 +0000] GET /tools/Je%20suis%20un%20gar%C3%A7on.mp4 HTTP/1.1 /tools/Je%20suis%20un%20gar%C3%A7on.mp4 HTTP/1.1" 404 1127 "-" "Mozilla/5.0 (X11; Linux x86_64; rv:102.0) Gecko/20100101 Firefox/102.0"
localhost:8000 - - [10/Apr/2023:19:49:05 +0000] GET /tools/Je%20suis%20un%20gar%C3%A7on.mp4 HTTP/1.1 /tools/Je%20suis%20un%20gar%C3%A7on.mp4 HTTP/1.1" 404 1127 "-" "Mozilla/5.0 (X11; Linux x86_64; rv:102.0) Gecko/20100101 Firefox/102.0"
localhost:8000 - - [10/Apr/2023:19:49:05 +0000] GET /tools/Je%20suis%20un%20gar%C3%A7on.mp4 HTTP/1.1 /tools/Je%20suis%20un%20gar%C3%A7on.mp4 HTTP/1.1" 404 1127 "-" "Mozilla/5.0 (X11; Linux x86_64; rv:102.0) Gecko/20100101 Firefox/102.0"
localhost:8000 - - [10/Apr/2023:19:49:05 +0000] GET /tools/Je%20suis%20un%20gar%C3%A7on.mp4 HTTP/1.1 /tools/Je%20suis%20un%20gar%C3%A7on.mp4 HTTP/1.1" 404 1127 "-" "Mozilla/5.0 (X11; Linux x86_64; rv:102.0) Gecko/20100101 Firefox/102.0"
localhost:8000 - - [10/Apr/2023:19:49:06 +0000] GET /tools/Je%20suis%20un%20gar%C3%A7on.mp4 HTTP/1.1 /tools/Je%20suis%20un%20gar%C3%A7on.mp4 HTTP/1.1" 404 1127 "-" "Mozilla/5.0 (X11; Linux x86_64; rv:102.0) Gecko/20100101 Firefox/102.0"
localhost:8000 - - [10/Apr/2023:19:49:06 +0000] GET /tools/Je%20suis%20un%20gar%C3%A7on.mp4 HTTP/1.1 /tools/Je%20suis%20un%20gar%C3%A7on.mp4 HTTP/1.1" 404 1127 "-" "Mozilla/5.0 (X11; Linux x86_64; rv:102.0) Gecko/20100101 Firefox/102.0"
dinopoulet.42.fr:8001 - - [10/Apr/2023:19:50:06 +0000] GET /tools/Je%20suis%20un%20gar%C3%A7on.mp4 HTTP/1.1 /tools/Je%20suis%20un%20gar%C3%A7on.mp4 HTTP/1.1" 404 1127 "-" "Mozilla/5.0 (X11; Linux x86_64; rv:102.0) Gecko/20100101 Firefox/102.0"
dinopoulet.42.fr:8001 - - [10/Apr/2023:19:50:10 +0000] GET /tools/Je%20suis%20un%20gar%C3%A7on.mp4 HTTP/1.1 /tools/Je%20suis%20un%20gar%C3%A7on.mp4 HTTP/1.1" 404 1127 "-" "Mozilla/5.0 (X11; Linux x86_64; rv:102.0) Gecko/20100101 Firefox/102.0"
dinopoulet.42.fr:8001 - - [10/Apr/2023:19:50:10 +0000] GET /tools/Je%20suis%20un%20gar%C3%A7on.mp4 HTTP/1.1 /tools/Je%20suis%20un%20gar%C3%A7on.mp4 HTTP/1.1" 404 1127 "-" "Mozilla/5.0 (X11; Linux x86_64; rv:102.0) Gecko/20100101 Firefox/102.0"
dinopoulet.42.fr:8001 - - [10/Apr/2023:19:50:23 +0000] GET /tools/Je%20suis%20un%20gar%C3%A7on.mp4 HTTP/1.1 /tools/Je%20suis%20un%20gar%C3%A7on.mp4 HTTP/1.1" 404 1127 "-" "Mozilla/5.0 (X11; Linux x86_64; rv:102.0) Gecko/20100101 Firefox/102.0"
dinopoulet.42.fr:8001 - - [10/Apr/2023:20:02:48 +0000] GET /tools/Je suis un garçon.mp4 HTTP/1.1 /tools/Je suis un garçon.mp4 HTTP/1.1" 404 1127 "-" "Mozilla/5.0 (X11; Linux x86_64; rv:102.0) Gecko/20100101 Firefox/102.0"
dinopoulet.42.fr:8001 - - [10/Apr/2023:20:03:16 +0000] GET /tools/Je suis un garçon.mp4 HTTP/1.1 /tools/Je suis un garçon.mp4 HTTP/1.1" 404 1127 "-" "Mozilla/5.0 (X11; Linux x86_64; rv:102.0) Gecko/20100101 Firefox/102.0"
dinopoulet.42.fr:8001 - - [10/Apr/2023:20:03:16 +0000] GET /tools/Je suis un garçon.mp4 HTTP/1.1 /tools/Je suis un garçon.mp4 HTTP/1.1" 404 1127 "-" "Mozilla/5.0 (X11; Linux x86_64; rv:102.0) Gecko/20100101 Firefox/102.0"
dinopoulet.42.fr:8001 - - [10/Apr/2023:20:03:17 +0000] GET /tools/Je suis un garçon.mp4 HTTP/1.1 /tools/Je suis un garçon.mp4 HTTP/1.1" 404 1127 "-" "Mozilla/5.0 (X11; Linux x86_64; rv:102.0) Gecko/20100101 Firefox/102.0"
dinopoulet.42.fr:8001 - - [10/Apr/2023:20:03:17 +0000] GET /tools/Je suis un garçon.mp4 HTTP/1.1 /tools/Je suis un garçon.mp4 HTTP/1.1" 404 1127 "-" "Mozilla/5.0 (X11; Linux x86_64; rv:102.0) Gecko/20100101 Firefox/102.0"
dinopoulet.42.fr:8001 - - [10/Apr/2023:20:03:17 +0000] GET /tools/Je suis un garçon.mp4 HTTP/1.1 /tools/Je suis un garçon.mp4 HTTP/1.1" 404 1127 "-" "Mozilla/5.0 (X11; Linux x86_64; rv:102.0) Gecko/20100101 Firefox/102.0"
dinopoulet.42.fr:8002 - - [10/Apr/2023:20:03:44 +0000] GET /tools/Je suis un garçon.mp4 HTTP/1.1 /tools/Je suis un garçon.mp4 HTTP/1.1" 404 1127 "-" "Mozilla/5.0 (X11; Linux x86_64; rv:102.0) Gecko/20100101 Firefox/102.0"
dinopoulet.42.fr:8002 - - [10/Apr/2023:20:03:44 +0000] GET /favicon.ico HTTP/1.1 /favicon.ico HTTP/1.1" 404 1127 "-" "Mozilla/5.0 (X11; Linux x86_64; rv:102.0) Gecko/20100101 Firefox/102.0"
dinopoulet.42.fr:8002 - - [10/Apr/2023:20:03:49 +0000] GET /tools/Je suis un garçon.mp4 HTTP/1.1 /tools/Je suis un garçon.mp4 HTTP/1.1" 404 1127 "-" "Mozilla/5.0 (X11; Linux x86_64; rv:102.0) Gecko/20100101 Firefox/102.0"
dinopoulet.42.fr:8002 - - [10/Apr/2023:20:07:39 +0000] GET /tools/Je suis un garçon.mp4 HTTP/1.1 /tools/Je suis un garçon.mp4 HTTP/1.1" 404 1127 "-" "Mozilla/5.0 (X11; Linux x86_64; rv:102.0) Gecko/20100101 Firefox/102.0"
dinopoulet.42.fr:8002 - - [10/Apr/2023:20:09:26 +0000] GET /tools/Je suis un garçon.mp4 HTTP/1.1 /tools/Je suis un garçon.mp4 HTTP/1.1" 404 1127 "-" "Mozilla/5.0 (X11; Linux x86_64; rv:102.0) Gecko/20100101 Firefox/102.0"
dinopoulet.42.fr:8002 - - [10/Apr/2023:20:10:20 +0000] DELETE 404 1127 "-" "Mozilla/5.0 (X11; Linux x86_64; rv:102.0) Gecko/20100101 Firefox/102.0"
dinopoulet.42.fr:8002 - - [10/Apr/2023:20:10:33 +0000] DELETE 404 1127 "-" "Mozilla/5.0 (X11; Linux x86_64; rv:102.0) Gecko/20100101 Firefox/102.0"
dinopoulet.42.fr:8002 - - [10/Apr/2023:20:22:31 +0000] DELETE 404 1127 "-" "Mozilla/5.0 (X11; Linux x86_64; rv:102.0) Gecko/20100101 Firefox/102.0"
dinopoulet.42.fr:8002 - - [10/Apr/2023:20:26:40 +0000] GET /tools/Je%20suis%20un%20gar%C3%A7on.mp4 HTTP/1.1 /tools/Je%20suis%20un%20gar%C3%A7on.mp4 HTTP/1.1" 404 1127 "-" "Mozilla/5.0 (X11; Linux x86_64; rv:102.0) Gecko/20100101 Firefox/102.0"
dinopoulet.42.fr:8002 - - [10/Apr/2023:20:26:44 +0000] GET /tools/Je%20suis%20un%20gar%C3%A7on.mp4 HTTP/1.1 /tools/Je%20suis%20un%20gar%C3%A7on.mp4 HTTP/1.1" 404 1127 "-" "Mozilla/5.0 (X11; Linux x86_64; rv:102.0) Gecko/20100101 Firefox/102.0"
dinopoulet.42.fr:8002 - - [10/Apr/2023:20:31:50 +0000] GET /index.php HTTP/1.1 /index.php HTTP/1.1" 404 1127 "-" "Mozilla/5.0 (X11; Linux x86_64; rv:102.0) Gecko/20100101 Firefox/102.0"
dinopoulet.42.fr:8002 - - [10/Apr/2023:20:32:48 +0000] GET /home/aroard/Bureau/webserv/upload/dinopoulet.42.fr:8002_ HTTP/1.1 /home/aroard/Bureau/webserv/upload/dinopoulet.42.fr:8002_ HTTP/1.1" 404 1127 "-" "Mozilla/5.0 (X11; Linux x86_64; rv:102.0) Gecko/20100101 Firefox/102.0"
dinopoulet.42.fr:8002 - - [10/Apr/2023:20:32:53 +0000] GET /home/aroard/Bureau/webserv/upload/dinopoulet.42.fr:8002_ HTTP/1.1 /home/aroard/Bureau/webserv/upload/dinopoulet.42.fr:8002_ HTTP/1.1" 404 1127 "-" "Mozilla/5.0 (X11; Linux x86_64; rv:102.0) Gecko/20100101 Firefox/102.0"
dinopoulet.42.fr:8002 - - [10/Apr/2023:20:32:55 +0000] GET /home/aroard/Bureau/webserv/upload/dinopoulet.42.fr:8002_ HTTP/1.1 /home/aroard/Bureau/webserv/upload/dinopoulet.42.fr:8002_ HTTP/1.1" 404 1127 "-" "Mozilla/5.0 (X11; Linux x86_64; rv:102.0) Gecko/20100101 Firefox/102.0"
dinopoulet.42.fr:8002 - - [10/Apr/2023:20:32:58 +0000] GET /home/aroard/Bureau/webserv/upload/dinopoulet.42.fr:8002_ HTTP/1.1 /home/aroard/Bureau/webserv/upload/dinopoulet.42.fr:8002_ HTTP/1.1" 404 1127 "-" "Mozilla/5.0 (X11; Linux x86_64; rv:102.0) Gecko/20100101 Firefox/102.0"
dinopoulet.42.fr:8002 - - [10/Apr/2023:20:34:17 +0000] DELETE 404 1127 "-" "Mozilla/5.0 (X11; Linux x86_64; rv:102.0) Gecko/20100101 Firefox/102.0"
dinopoulet.42.fr:8000 - - [10/Apr/2023:20:35:55 +0000] GET /upload HTTP/1.1 /upload HTTP/1.1" 404 1127 "-" "Mozilla/5.0 (X11; Linux x86_64; rv:102.0) Gecko/20100101 Firefox/102.0"
dinopoulet.42.fr:8000 - - [10/Apr/2023:20:36:04 +0000] GET /upload.php HTTP/1.1 /upload.php HTTP/1.1" 404 1127 "-" "Mozilla/5.0 (X11; Linux x86_64; rv:102.0) Gecko/20100101 Firefox/102.0"
